[WRN][1692363954.3590295315] /home/hugens/antigen.zsh:266
[WRN][1692363954.3590295315] -antigen-interactive-mode: filecode:file:shfunc:shfunc $_ANTIGEN_INTERACTIVE = 
[WRN][1692363954.3592369556] /home/hugens/antigen.zsh:1572
[WRN][1692363954.3592369556] -antigen-lock-init return code was 0
[LOG][1692363954.3592724800] /home/hugens/antigen.zsh:1574
[LOG][1692363954.3592724800] LOADED EXTENSION lock EXT
[WRN][1692363954.3602588177] /home/hugens/antigen.zsh:1684
[WRN][1692363954.3602588177] Init parallel extension PARALLEL
[WRN][1692363954.3603124619] /home/hugens/antigen.zsh:266
[WRN][1692363954.3603124619] -antigen-interactive-mode: filecode:file:shfunc:shfunc:shfunc:eval:shfunc:shfunc $_ANTIGEN_INTERACTIVE = 
[WRN][1692363954.3603658676] /home/hugens/antigen.zsh:1572
[WRN][1692363954.3603658676] -antigen-parallel-init return code was 0
[LOG][1692363954.3603987694] /home/hugens/antigen.zsh:1574
[LOG][1692363954.3603987694] LOADED EXTENSION parallel EXT
[WRN][1692363954.3604331017] /home/hugens/antigen.zsh:1692
[WRN][1692363954.3604331017] Exec parallel extension PARALLEL
[WRN][1692363954.3605968952] /home/hugens/antigen.zsh:266
[WRN][1692363954.3605968952] -antigen-interactive-mode: filecode:file:shfunc:shfunc:shfunc:eval:shfunc:shfunc $_ANTIGEN_INTERACTIVE = 
[WRN][1692363954.3606476784] /home/hugens/antigen.zsh:1572
[WRN][1692363954.3606476784] -antigen-defer-init return code was 0
[LOG][1692363954.3606796265] /home/hugens/antigen.zsh:1574
[LOG][1692363954.3606796265] LOADED EXTENSION defer EXT
[WRN][1692363954.3612854481] /home/hugens/antigen.zsh:266
[WRN][1692363954.3612854481] -antigen-interactive-mode: filecode:file:shfunc:shfunc:shfunc:eval:shfunc:shfunc $_ANTIGEN_INTERACTIVE = 
[WRN][1692363954.3614199162] /home/hugens/antigen.zsh:1572
[WRN][1692363954.3614199162] -antigen-cache-init return code was 0
[LOG][1692363954.3614549637] /home/hugens/antigen.zsh:1574
[LOG][1692363954.3614549637] LOADED EXTENSION cache EXT
[WRN][1692363954.3625581264] /home/hugens/antigen.zsh:1469
[WRN][1692363954.3625581264] Updated meta: target antigen mode once type pre called 1
[WRN][1692363954.3626060486] /home/hugens/antigen.zsh:1484
[WRN][1692363954.3626060486] Processing hooks: antigen-lock
[WRN][1692363954.3626418114] /home/hugens/antigen.zsh:1487
[WRN][1692363954.3626418114] Pre hook: antigen-lock use oh-my-zsh
[LOG][1692363954.3626792431] /home/hugens/antigen.zsh:1658
[LOG][1692363954.3626792431] antigen-lock called
[WRN][1692363954.3627161980] /home/hugens/antigen.zsh:1669
[WRN][1692363954.3627161980] Creating antigen-lock file at /home/hugens/.antigen/.lock
[WRN][1692363954.3634359837] /home/hugens/antigen.zsh:1505
[WRN][1692363954.3634359837] -antigen-hook-antigen use oh-my-zsh
[WRN][1692363954.3646054268] /home/hugens/antigen.zsh:1469
[WRN][1692363954.3646054268] Updated meta: target antigen-bundle mode repeat type replace called 1
[WRN][1692363954.3646783829] /home/hugens/antigen.zsh:1469
[WRN][1692363954.3646783829] Updated meta: target antigen-bundle mode repeat type pre called 1
[WRN][1692363954.3647215366] /home/hugens/antigen.zsh:1484
[WRN][1692363954.3647215366] Processing hooks: antigen-bundle-defer antigen-bundle-cached
[WRN][1692363954.3647558689] /home/hugens/antigen.zsh:1487
[WRN][1692363954.3647558689] Pre hook: antigen-bundle-cached --loc=lib
[WRN][1692363954.3648157120] /home/hugens/antigen.zsh:1498
[WRN][1692363954.3648157120] Replace hook: antigen-bundle-defer --loc=lib
[WRN][1692363954.3648686409] /home/hugens/antigen.zsh:1500
[WRN][1692363954.3648686409] antigen-bundle-defer shortcircuited
[LOG][1692363954.3649439812] /home/hugens/antigen.zsh:1518
[LOG][1692363954.3649439812] Return from hook antigen with 0
[WRN][1692363954.3650319576] /home/hugens/antigen.zsh:1462
[WRN][1692363954.3650319576] Ignoring hook due to mode once: antigen-lock
[WRN][1692363954.3650658131] /home/hugens/antigen.zsh:1484
[WRN][1692363954.3650658131] Processing hooks: antigen-lock
[WRN][1692363954.3651027679] /home/hugens/antigen.zsh:1505
[WRN][1692363954.3651027679] -antigen-hook-antigen bundle zsh-users/zsh-syntax-highlighting
[WRN][1692363954.3651902676] /home/hugens/antigen.zsh:1469
[WRN][1692363954.3651902676] Updated meta: target antigen-bundle mode repeat type replace called 2
[WRN][1692363954.3652508259] /home/hugens/antigen.zsh:1469
[WRN][1692363954.3652508259] Updated meta: target antigen-bundle mode repeat type pre called 2
[WRN][1692363954.3652880192] /home/hugens/antigen.zsh:1484
[WRN][1692363954.3652880192] Processing hooks: antigen-bundle-defer antigen-bundle-cached
[WRN][1692363954.3653197289] /home/hugens/antigen.zsh:1487
[WRN][1692363954.3653197289] Pre hook: antigen-bundle-cached zsh-users/zsh-syntax-highlighting
[WRN][1692363954.3653736115] /home/hugens/antigen.zsh:1498
[WRN][1692363954.3653736115] Replace hook: antigen-bundle-defer zsh-users/zsh-syntax-highlighting
[WRN][1692363954.3654203415] /home/hugens/antigen.zsh:1500
[WRN][1692363954.3654203415] antigen-bundle-defer shortcircuited
[LOG][1692363954.3654780388] /home/hugens/antigen.zsh:1518
[LOG][1692363954.3654780388] Return from hook antigen with 0
[WRN][1692363954.3655571938] /home/hugens/antigen.zsh:1462
[WRN][1692363954.3655571938] Ignoring hook due to mode once: antigen-lock
[WRN][1692363954.3655889034] /home/hugens/antigen.zsh:1484
[WRN][1692363954.3655889034] Processing hooks: antigen-lock
[WRN][1692363954.3656234741] /home/hugens/antigen.zsh:1505
[WRN][1692363954.3656234741] -antigen-hook-antigen bundle zsh-users/zsh-autosuggestions
[WRN][1692363954.3657085896] /home/hugens/antigen.zsh:1469
[WRN][1692363954.3657085896] Updated meta: target antigen-bundle mode repeat type replace called 3
[WRN][1692363954.3657634258] /home/hugens/antigen.zsh:1469
[WRN][1692363954.3657634258] Updated meta: target antigen-bundle mode repeat type pre called 3
[WRN][1692363954.3658006191] /home/hugens/antigen.zsh:1484
[WRN][1692363954.3658006191] Processing hooks: antigen-bundle-defer antigen-bundle-cached
[WRN][1692363954.3658332825] /home/hugens/antigen.zsh:1487
[WRN][1692363954.3658332825] Pre hook: antigen-bundle-cached zsh-users/zsh-autosuggestions
[WRN][1692363954.3658869267] /home/hugens/antigen.zsh:1498
[WRN][1692363954.3658869267] Replace hook: antigen-bundle-defer zsh-users/zsh-autosuggestions
[WRN][1692363954.3659319878] /home/hugens/antigen.zsh:1500
[WRN][1692363954.3659319878] antigen-bundle-defer shortcircuited
[LOG][1692363954.3659877777] /home/hugens/antigen.zsh:1518
[LOG][1692363954.3659877777] Return from hook antigen with 0
[WRN][1692363954.3660669327] /home/hugens/antigen.zsh:1462
[WRN][1692363954.3660669327] Ignoring hook due to mode once: antigen-lock
[WRN][1692363954.3660988808] /home/hugens/antigen.zsh:1484
[WRN][1692363954.3660988808] Processing hooks: antigen-lock
[WRN][1692363954.3661339283] /home/hugens/antigen.zsh:1505
[WRN][1692363954.3661339283] -antigen-hook-antigen theme bira
[WRN][1692363954.3673434258] /home/hugens/antigen.zsh:1469
[WRN][1692363954.3673434258] Updated meta: target antigen-bundle mode repeat type replace called 4
[WRN][1692363954.3674149513] /home/hugens/antigen.zsh:1469
[WRN][1692363954.3674149513] Updated meta: target antigen-bundle mode repeat type pre called 4
[WRN][1692363954.3674569130] /home/hugens/antigen.zsh:1484
[WRN][1692363954.3674569130] Processing hooks: antigen-bundle-defer antigen-bundle-cached
[WRN][1692363954.3674917221] /home/hugens/antigen.zsh:1487
[WRN][1692363954.3674917221] Pre hook: antigen-bundle-cached --loc=themes/bira --btype=theme
[WRN][1692363954.3675513268] /home/hugens/antigen.zsh:1498
[WRN][1692363954.3675513268] Replace hook: antigen-bundle-defer --loc=themes/bira --btype=theme
[WRN][1692363954.3676025867] /home/hugens/antigen.zsh:1500
[WRN][1692363954.3676025867] antigen-bundle-defer shortcircuited
[LOG][1692363954.3676774502] /home/hugens/antigen.zsh:1518
[LOG][1692363954.3676774502] Return from hook antigen with 0
[WRN][1692363954.3677639961] /home/hugens/antigen.zsh:1462
[WRN][1692363954.3677639961] Ignoring hook due to mode once: antigen-lock
[WRN][1692363954.3677976131] /home/hugens/antigen.zsh:1484
[WRN][1692363954.3677976131] Processing hooks: antigen-lock
[WRN][1692363954.3678331375] /home/hugens/antigen.zsh:1505
[WRN][1692363954.3678331375] -antigen-hook-antigen apply
[WRN][1692363954.3679268360] /home/hugens/antigen.zsh:1469
[WRN][1692363954.3679268360] Updated meta: target antigen-apply mode once type post called 1
[WRN][1692363954.3679828644] /home/hugens/antigen.zsh:1469
[WRN][1692363954.3679828644] Updated meta: target antigen-apply mode once type pre called 1
[WRN][1692363954.3680367470] /home/hugens/antigen.zsh:1469
[WRN][1692363954.3680367470] Updated meta: target antigen-apply mode once type replace called 1
[WRN][1692363954.3680870533] /home/hugens/antigen.zsh:1469
[WRN][1692363954.3680870533] Updated meta: target antigen-apply mode once type pre called 1
[WRN][1692363954.3681364059] /home/hugens/antigen.zsh:1469
[WRN][1692363954.3681364059] Updated meta: target antigen-apply mode once type post called 1
[WRN][1692363954.3681738377] /home/hugens/antigen.zsh:1484
[WRN][1692363954.3681738377] Processing hooks: antigen-apply-lock antigen-apply-parallel antigen-apply-parallel-execute antigen-apply-defer antigen-apply-cached
[WRN][1692363954.3682069778] /home/hugens/antigen.zsh:1487
[WRN][1692363954.3682069778] Pre hook: antigen-apply-parallel
[WRN][1692363954.3682401180] /home/hugens/antigen.zsh:1744
[WRN][1692363954.3682401180] Parallel pre-apply PARALLEL PRE-APPLY
[WRN][1692363954.3683285713] /home/hugens/antigen.zsh:1487
[WRN][1692363954.3683285713] Pre hook: antigen-apply-defer
[WRN][1692363954.3683638573] /home/hugens/antigen.zsh:1623
[WRN][1692363954.3683638573] Defer pre-apply DEFER PRE-APPLY
[LOG][1692363954.3684639931] /home/hugens/antigen.zsh:1629
[LOG][1692363954.3684639931] Processing deferred bundle: --loc=lib DEFER
[WRN][1692363954.3685431480] /home/hugens/antigen.zsh:1469
[WRN][1692363954.3685431480] Updated meta: target antigen-bundle mode repeat type pre called 5
[WRN][1692363954.3685979843] /home/hugens/antigen.zsh:1469
[WRN][1692363954.3685979843] Updated meta: target antigen-bundle mode repeat type replace called 1
[WRN][1692363954.3686366081] /home/hugens/antigen.zsh:1484
[WRN][1692363954.3686366081] Processing hooks: antigen-bundle-cached antigen-bundle-parallel
[WRN][1692363954.3686702251] /home/hugens/antigen.zsh:1487
[WRN][1692363954.3686702251] Pre hook: antigen-bundle-cached --loc=lib
[WRN][1692363954.3687255383] /home/hugens/antigen.zsh:1498
[WRN][1692363954.3687255383] Replace hook: antigen-bundle-parallel --loc=lib
[TRA][1692363954.3687627316] /home/hugens/.zshrc:1748
[TRA][1692363954.3687627316] antigen-bundle-parallel: --loc=lib PARALLEL
[TRA][1692363954.3687627316] TRACE
antigen-bundle-parallel
-antigen-hook-handler
antigen-bundle
antigen-apply-defer
-antigen-hook-handler
antigen-apply
-antigen-hook-antigen
-antigen-hook-handler
antigen
/home/hugens/.zshrc
[WRN][1692363954.3688092232] /home/hugens/antigen.zsh:1509
[WRN][1692363954.3688092232] Replaced hooked function.
[LOG][1692363954.3688411713] /home/hugens/antigen.zsh:1518
[LOG][1692363954.3688411713] Return from hook antigen-bundle with 0
[LOG][1692363954.3688869476] /home/hugens/antigen.zsh:1629
[LOG][1692363954.3688869476] Processing deferred bundle: zsh-users/zsh-syntax-highlighting DEFER
[WRN][1692363954.3689632416] /home/hugens/antigen.zsh:1469
[WRN][1692363954.3689632416] Updated meta: target antigen-bundle mode repeat type pre called 6
[WRN][1692363954.3690164089] /home/hugens/antigen.zsh:1469
[WRN][1692363954.3690164089] Updated meta: target antigen-bundle mode repeat type replace called 2
[WRN][1692363954.3690538406] /home/hugens/antigen.zsh:1484
[WRN][1692363954.3690538406] Processing hooks: antigen-bundle-cached antigen-bundle-parallel
[WRN][1692363954.3690874577] /home/hugens/antigen.zsh:1487
[WRN][1692363954.3690874577] Pre hook: antigen-bundle-cached zsh-users/zsh-syntax-highlighting
[WRN][1692363954.3691415787] /home/hugens/antigen.zsh:1498
[WRN][1692363954.3691415787] Replace hook: antigen-bundle-parallel zsh-users/zsh-syntax-highlighting
[TRA][1692363954.3691771030] /home/hugens/.zshrc:1748
[TRA][1692363954.3691771030] antigen-bundle-parallel: zsh-users/zsh-syntax-highlighting PARALLEL
[TRA][1692363954.3691771030] TRACE
antigen-bundle-parallel
-antigen-hook-handler
antigen-bundle
antigen-apply-defer
-antigen-hook-handler
antigen-apply
-antigen-hook-antigen
-antigen-hook-handler
antigen
/home/hugens/.zshrc
[WRN][1692363954.3692264557] /home/hugens/antigen.zsh:1509
[WRN][1692363954.3692264557] Replaced hooked function.
[LOG][1692363954.3692591190] /home/hugens/antigen.zsh:1518
[LOG][1692363954.3692591190] Return from hook antigen-bundle with 0
[LOG][1692363954.3693063259] /home/hugens/antigen.zsh:1629
[LOG][1692363954.3693063259] Processing deferred bundle: zsh-users/zsh-autosuggestions DEFER
[WRN][1692363954.3693816662] /home/hugens/antigen.zsh:1469
[WRN][1692363954.3693816662] Updated meta: target antigen-bundle mode repeat type pre called 7
[WRN][1692363954.3694341183] /home/hugens/antigen.zsh:1469
[WRN][1692363954.3694341183] Updated meta: target antigen-bundle mode repeat type replace called 3
[WRN][1692363954.3694708347] /home/hugens/antigen.zsh:1484
[WRN][1692363954.3694708347] Processing hooks: antigen-bundle-cached antigen-bundle-parallel
[WRN][1692363954.3695020676] /home/hugens/antigen.zsh:1487
[WRN][1692363954.3695020676] Pre hook: antigen-bundle-cached zsh-users/zsh-autosuggestions
[WRN][1692363954.3695561886] /home/hugens/antigen.zsh:1498
[WRN][1692363954.3695561886] Replace hook: antigen-bundle-parallel zsh-users/zsh-autosuggestions
[TRA][1692363954.3695931435] /home/hugens/.zshrc:1748
[TRA][1692363954.3695931435] antigen-bundle-parallel: zsh-users/zsh-autosuggestions PARALLEL
[TRA][1692363954.3695931435] TRACE
antigen-bundle-parallel
-antigen-hook-handler
antigen-bundle
antigen-apply-defer
-antigen-hook-handler
antigen-apply
-antigen-hook-antigen
-antigen-hook-handler
antigen
/home/hugens/.zshrc
[WRN][1692363954.3696410656] /home/hugens/antigen.zsh:1509
[WRN][1692363954.3696410656] Replaced hooked function.
[LOG][1692363954.3696734905] /home/hugens/antigen.zsh:1518
[LOG][1692363954.3696734905] Return from hook antigen-bundle with 0
[LOG][1692363954.3697183132] /home/hugens/antigen.zsh:1629
[LOG][1692363954.3697183132] Processing deferred bundle: --loc=themes/bira --btype=theme DEFER
[WRN][1692363954.3697926998] /home/hugens/antigen.zsh:1469
[WRN][1692363954.3697926998] Updated meta: target antigen-bundle mode repeat type pre called 8
[WRN][1692363954.3698449135] /home/hugens/antigen.zsh:1469
[WRN][1692363954.3698449135] Updated meta: target antigen-bundle mode repeat type replace called 4
[WRN][1692363954.3698828220] /home/hugens/antigen.zsh:1484
[WRN][1692363954.3698828220] Processing hooks: antigen-bundle-cached antigen-bundle-parallel
[WRN][1692363954.3699150085] /home/hugens/antigen.zsh:1487
[WRN][1692363954.3699150085] Pre hook: antigen-bundle-cached --loc=themes/bira --btype=theme
[WRN][1692363954.3699707985] /home/hugens/antigen.zsh:1498
[WRN][1692363954.3699707985] Replace hook: antigen-bundle-parallel --loc=themes/bira --btype=theme
[TRA][1692363954.3700060844] /home/hugens/.zshrc:1748
[TRA][1692363954.3700060844] antigen-bundle-parallel: --loc=themes/bira --btype=theme PARALLEL
[TRA][1692363954.3700060844] TRACE
antigen-bundle-parallel
-antigen-hook-handler
antigen-bundle
antigen-apply-defer
-antigen-hook-handler
antigen-apply
-antigen-hook-antigen
-antigen-hook-handler
antigen
/home/hugens/.zshrc
[WRN][1692363954.3700511456] /home/hugens/antigen.zsh:1509
[WRN][1692363954.3700511456] Replaced hooked function.
[LOG][1692363954.3700828552] /home/hugens/antigen.zsh:1518
[LOG][1692363954.3700828552] Return from hook antigen-bundle with 0
[WRN][1692363954.3701508045] /home/hugens/antigen.zsh:1498
[WRN][1692363954.3701508045] Replace hook: antigen-apply-parallel-execute
[WRN][1692363954.3701934814] /home/hugens/antigen.zsh:1756
[WRN][1692363954.3701934814] Parallel replace-apply PARALLEL REPLACE-APPLY
[WRN][1692363954.3702850342] /home/hugens/antigen.zsh:1695
[WRN][1692363954.3702850342] Parallel antigen-bundle-parallel-execute PARALLEL
[WRN][1692363954.3703229427] /home/hugens/antigen.zsh:1699
[WRN][1692363954.3703229427] Gonna install in parallel 4 bundles. PARALLEL
[WRN][1692363954.3703556061] /home/hugens/antigen.zsh:1701
[WRN][1692363954.3703556061] --loc=lib zsh-users/zsh-syntax-highlighting zsh-users/zsh-autosuggestions --loc=themes/bira --btype=theme PARALLEL
[WRN][1692363954.3706259727] /home/hugens/antigen.zsh:1708
[WRN][1692363954.3706259727] Install in parallel robbyrussell/oh-my-zsh. PARALLEL
[WRN][1692363954.3711659908] /home/hugens/antigen.zsh:1708
[WRN][1692363954.3711659908] Install in parallel zsh-users/zsh-syntax-highlighting. PARALLEL
[WRN][1692363954.3717477322] /home/hugens/antigen.zsh:1708
[WRN][1692363954.3717477322] Install in parallel zsh-users/zsh-autosuggestions. PARALLEL
[WRN][1692363954.3722949028] /home/hugens/antigen.zsh:1715
[WRN][1692363954.3722949028] Bundle robbyrussell/oh-my-zsh already cloned locally. PARALLEL
[WRN][1692363956.5366613865] /home/hugens/antigen.zsh:1469
[WRN][1692363956.5366613865] Updated meta: target antigen-bundle mode repeat type pre called 9
[WRN][1692363956.5369634628] /home/hugens/antigen.zsh:1484
[WRN][1692363956.5369634628] Processing hooks: antigen-bundle-cached
[WRN][1692363956.5371563435] /home/hugens/antigen.zsh:1487
[WRN][1692363956.5371563435] Pre hook: antigen-bundle-cached --loc=lib
[WRN][1692363956.5374267101] /home/hugens/antigen.zsh:1505
[WRN][1692363956.5374267101] -antigen-hook-antigen-bundle --loc=lib
[TRA][1692363956.5376119614] /home/hugens/antigen.zsh:1438
[TRA][1692363956.5376119614] Called antigen-bundle with --loc=lib BUNDLE
[TRA][1692363956.5376119614] TRACE
-antigen-hook-antigen-bundle
-antigen-hook-handler
antigen-bundle
antigen-bundle-parallel-execute
antigen-apply-parallel-execute
-antigen-hook-handler
antigen-apply
-antigen-hook-antigen
-antigen-hook-handler
antigen
/home/hugens/.zshrc
[WRN][1692363956.5399692059] /home/hugens/antigen.zsh:1469
[WRN][1692363956.5399692059] Updated meta: target -antigen-load-env mode repeat type replace called 1
[WRN][1692363956.5402150154] /home/hugens/antigen.zsh:1484
[WRN][1692363956.5402150154] Processing hooks: -antigen-load-env-cached
[WRN][1692363956.5404636860] /home/hugens/antigen.zsh:1498
[WRN][1692363956.5404636860] Replace hook: -antigen-load-env-cached dir /home/hugens/.antigen/bundles/robbyrussell/oh-my-zsh btype plugin url https://github.com/robbyrussell/oh-my-zsh.git loc lib name robbyrussell/oh-my-zsh make_local_clone true
[WRN][1692363956.5408356190] /home/hugens/antigen.zsh:1509
[WRN][1692363956.5408356190] Replaced hooked function.
[LOG][1692363956.5410122871] /home/hugens/antigen.zsh:1518
[LOG][1692363956.5410122871] Return from hook -antigen-load-env with 0
[WRN][1692363956.5416438580] /home/hugens/antigen.zsh:1469
[WRN][1692363956.5416438580] Updated meta: target -antigen-load-source mode repeat type replace called 1
[WRN][1692363956.5418133736] /home/hugens/antigen.zsh:1484
[WRN][1692363956.5418133736] Processing hooks: -antigen-load-source-cached
[WRN][1692363956.5419080257] /home/hugens/antigen.zsh:1498
[WRN][1692363956.5419080257] Replace hook: -antigen-load-source-cached /home/hugens/.antigen/bundles/robbyrussell/oh-my-zsh/lib/bzr.zsh /home/hugens/.antigen/bundles/robbyrussell/oh-my-zsh/lib/clipboard.zsh /home/hugens/.antigen/bundles/robbyrussell/oh-my-zsh/lib/cli.zsh /home/hugens/.antigen/bundles/robbyrussell/oh-my-zsh/lib/compfix.zsh /home/hugens/.antigen/bundles/robbyrussell/oh-my-zsh/lib/completion.zsh /home/hugens/.antigen/bundles/robbyrussell/oh-my-zsh/lib/correction.zsh /home/hugens/.antigen/bundles/robbyrussell/oh-my-zsh/lib/diagnostics.zsh /home/hugens/.antigen/bundles/robbyrussell/oh-my-zsh/lib/directories.zsh /home/hugens/.antigen/bundles/robbyrussell/oh-my-zsh/lib/functions.zsh /home/hugens/.antigen/bundles/robbyrussell/oh-my-zsh/lib/git.zsh /home/hugens/.antigen/bundles/robbyrussell/oh-my-zsh/lib/grep.zsh /home/hugens/.antigen/bundles/robbyrussell/oh-my-zsh/lib/history.zsh /home/hugens/.antigen/bundles/robbyrussell/oh-my-zsh/lib/key-bindings.zsh /home/hugens/.antigen/bundles/robbyrussell/oh-my-zsh/lib/misc.zsh /home/hugens/.antigen/bundles/robbyrussell/oh-my-zsh/lib/nvm.zsh /home/hugens/.antigen/bundles/robbyrussell/oh-my-zsh/lib/prompt_info_functions.zsh /home/hugens/.antigen/bundles/robbyrussell/oh-my-zsh/lib/spectrum.zsh /home/hugens/.antigen/bundles/robbyrussell/oh-my-zsh/lib/termsupport.zsh /home/hugens/.antigen/bundles/robbyrussell/oh-my-zsh/lib/theme-and-appearance.zsh /home/hugens/.antigen/bundles/robbyrussell/oh-my-zsh/lib/vcs_info.zsh
[WRN][1692363956.5420715809] /home/hugens/antigen.zsh:1509
[WRN][1692363956.5420715809] Replaced hooked function.
[LOG][1692363956.5421295166] /home/hugens/antigen.zsh:1518
[LOG][1692363956.5421295166] Return from hook -antigen-load-source with 0
[LOG][1692363956.5422549248] /home/hugens/antigen.zsh:1518
[LOG][1692363956.5422549248] Return from hook antigen-bundle with 0
[WRN][1692363956.5424113274] /home/hugens/antigen.zsh:1469
[WRN][1692363956.5424113274] Updated meta: target antigen-bundle mode repeat type pre called 10
[WRN][1692363956.5424778461] /home/hugens/antigen.zsh:1484
[WRN][1692363956.5424778461] Processing hooks: antigen-bundle-cached
[WRN][1692363956.5425333977] /home/hugens/antigen.zsh:1487
[WRN][1692363956.5425333977] Pre hook: antigen-bundle-cached zsh-users/zsh-syntax-highlighting
[WRN][1692363956.5426211357] /home/hugens/antigen.zsh:1505
[WRN][1692363956.5426211357] -antigen-hook-antigen-bundle zsh-users/zsh-syntax-highlighting
[TRA][1692363956.5426800251] /home/hugens/antigen.zsh:1438
[TRA][1692363956.5426800251] Called antigen-bundle with zsh-users/zsh-syntax-highlighting BUNDLE
[TRA][1692363956.5426800251] TRACE
-antigen-hook-antigen-bundle
-antigen-hook-handler
antigen-bundle
antigen-bundle-parallel-execute
antigen-apply-parallel-execute
-antigen-hook-handler
antigen-apply
-antigen-hook-antigen
-antigen-hook-handler
antigen
/home/hugens/.zshrc
[WRN][1692363956.5432999134] /home/hugens/antigen.zsh:1469
[WRN][1692363956.5432999134] Updated meta: target -antigen-load-env mode repeat type replace called 2
[WRN][1692363956.5433764458] /home/hugens/antigen.zsh:1484
[WRN][1692363956.5433764458] Processing hooks: -antigen-load-env-cached
[WRN][1692363956.5434596539] /home/hugens/antigen.zsh:1498
[WRN][1692363956.5434596539] Replace hook: -antigen-load-env-cached dir /home/hugens/.antigen/bundles/zsh-users/zsh-syntax-highlighting btype plugin url https://github.com/zsh-users/zsh-syntax-highlighting.git loc / name zsh-users/zsh-syntax-highlighting make_local_clone true
[WRN][1692363956.5435862541] /home/hugens/antigen.zsh:1509
[WRN][1692363956.5435862541] Replaced hooked function.
[LOG][1692363956.5436458588] /home/hugens/antigen.zsh:1518
[LOG][1692363956.5436458588] Return from hook -antigen-load-env with 0
[WRN][1692363956.5438191891] /home/hugens/antigen.zsh:1469
[WRN][1692363956.5438191891] Updated meta: target -antigen-load-source mode repeat type replace called 2
[WRN][1692363956.5438845158] /home/hugens/antigen.zsh:1484
[WRN][1692363956.5438845158] Processing hooks: -antigen-load-source-cached
[WRN][1692363956.5439529419] /home/hugens/antigen.zsh:1498
[WRN][1692363956.5439529419] Replace hook: -antigen-load-source-cached /home/hugens/.antigen/bundles/zsh-users/zsh-syntax-highlighting///zsh-syntax-highlighting.plugin.zsh
[WRN][1692363956.5440340042] /home/hugens/antigen.zsh:1509
[WRN][1692363956.5440340042] Replaced hooked function.
[LOG][1692363956.5440883636] /home/hugens/antigen.zsh:1518
[LOG][1692363956.5440883636] Return from hook -antigen-load-source with 0
[LOG][1692363956.5441927910] /home/hugens/antigen.zsh:1518
[LOG][1692363956.5441927910] Return from hook antigen-bundle with 0
[WRN][1692363956.5443415642] /home/hugens/antigen.zsh:1469
[WRN][1692363956.5443415642] Updated meta: target antigen-bundle mode repeat type pre called 11
[WRN][1692363956.5444045067] /home/hugens/antigen.zsh:1484
[WRN][1692363956.5444045067] Processing hooks: antigen-bundle-cached
[WRN][1692363956.5444581509] /home/hugens/antigen.zsh:1487
[WRN][1692363956.5444581509] Pre hook: antigen-bundle-cached zsh-users/zsh-autosuggestions
[WRN][1692363956.5445418358] /home/hugens/antigen.zsh:1505
[WRN][1692363956.5445418358] -antigen-hook-antigen-bundle zsh-users/zsh-autosuggestions
[TRA][1692363956.5445976257] /home/hugens/antigen.zsh:1438
[TRA][1692363956.5445976257] Called antigen-bundle with zsh-users/zsh-autosuggestions BUNDLE
[TRA][1692363956.5445976257] TRACE
-antigen-hook-antigen-bundle
-antigen-hook-handler
antigen-bundle
antigen-bundle-parallel-execute
antigen-apply-parallel-execute
-antigen-hook-handler
antigen-apply
-antigen-hook-antigen
-antigen-hook-handler
antigen
/home/hugens/.zshrc
[WRN][1692363956.5451903343] /home/hugens/antigen.zsh:1469
[WRN][1692363956.5451903343] Updated meta: target -antigen-load-env mode repeat type replace called 3
[WRN][1692363956.5452656746] /home/hugens/antigen.zsh:1484
[WRN][1692363956.5452656746] Processing hooks: -antigen-load-env-cached
[WRN][1692363956.5453462601] /home/hugens/antigen.zsh:1498
[WRN][1692363956.5453462601] Replace hook: -antigen-load-env-cached dir /home/hugens/.antigen/bundles/zsh-users/zsh-autosuggestions btype plugin url https://github.com/zsh-users/zsh-autosuggestions.git loc / name zsh-users/zsh-autosuggestions make_local_clone true
[WRN][1692363956.5454680920] /home/hugens/antigen.zsh:1509
[WRN][1692363956.5454680920] Replaced hooked function.
[LOG][1692363956.5455241203] /home/hugens/antigen.zsh:1518
[LOG][1692363956.5455241203] Return from hook -antigen-load-env with 0
[WRN][1692363956.5456764698] /home/hugens/antigen.zsh:1469
[WRN][1692363956.5456764698] Updated meta: target -antigen-load-source mode repeat type replace called 3
[WRN][1692363956.5457406044] /home/hugens/antigen.zsh:1484
[WRN][1692363956.5457406044] Processing hooks: -antigen-load-source-cached
[WRN][1692363956.5458071232] /home/hugens/antigen.zsh:1498
[WRN][1692363956.5458071232] Replace hook: -antigen-load-source-cached /home/hugens/.antigen/bundles/zsh-users/zsh-autosuggestions///zsh-autosuggestions.plugin.zsh
[WRN][1692363956.5458855629] /home/hugens/antigen.zsh:1509
[WRN][1692363956.5458855629] Replaced hooked function.
[LOG][1692363956.5459396839] /home/hugens/antigen.zsh:1518
[LOG][1692363956.5459396839] Return from hook -antigen-load-source with 0
[LOG][1692363956.5460469723] /home/hugens/antigen.zsh:1518
[LOG][1692363956.5460469723] Return from hook antigen-bundle with 0
[WRN][1692363956.5462141037] /home/hugens/antigen.zsh:1469
[WRN][1692363956.5462141037] Updated meta: target antigen-bundle mode repeat type pre called 12
[WRN][1692363956.5462827682] /home/hugens/antigen.zsh:1484
[WRN][1692363956.5462827682] Processing hooks: antigen-bundle-cached
[WRN][1692363956.5463352203] /home/hugens/antigen.zsh:1487
[WRN][1692363956.5463352203] Pre hook: antigen-bundle-cached --loc=themes/bira --btype=theme
[WRN][1692363956.5464167595] /home/hugens/antigen.zsh:1505
[WRN][1692363956.5464167595] -antigen-hook-antigen-bundle --loc=themes/bira --btype=theme
[TRA][1692363956.5464732647] /home/hugens/antigen.zsh:1438
[TRA][1692363956.5464732647] Called antigen-bundle with --loc=themes/bira --btype=theme BUNDLE
[TRA][1692363956.5464732647] TRACE
-antigen-hook-antigen-bundle
-antigen-hook-handler
antigen-bundle
antigen-bundle-parallel-execute
antigen-apply-parallel-execute
-antigen-hook-handler
antigen-apply
-antigen-hook-antigen
-antigen-hook-handler
antigen
/home/hugens/.zshrc
[WRN][1692363956.5469660759] /home/hugens/antigen.zsh:1469
[WRN][1692363956.5469660759] Updated meta: target -antigen-load-env mode repeat type replace called 4
[WRN][1692363956.5470371246] /home/hugens/antigen.zsh:1484
[WRN][1692363956.5470371246] Processing hooks: -antigen-load-env-cached
[WRN][1692363956.5471153259] /home/hugens/antigen.zsh:1498
[WRN][1692363956.5471153259] Replace hook: -antigen-load-env-cached dir /home/hugens/.antigen/bundles/robbyrussell/oh-my-zsh btype theme url https://github.com/robbyrussell/oh-my-zsh.git loc themes/bira.zsh-theme name robbyrussell/oh-my-zsh make_local_clone true
[WRN][1692363956.5472259521] /home/hugens/antigen.zsh:1509
[WRN][1692363956.5472259521] Replaced hooked function.
[LOG][1692363956.5472784042] /home/hugens/antigen.zsh:1518
[LOG][1692363956.5472784042] Return from hook -antigen-load-env with 0
[WRN][1692363956.5474236012] /home/hugens/antigen.zsh:1469
[WRN][1692363956.5474236012] Updated meta: target -antigen-load-source mode repeat type replace called 4
[WRN][1692363956.5474922657] /home/hugens/antigen.zsh:1484
[WRN][1692363956.5474922657] Processing hooks: -antigen-load-source-cached
[WRN][1692363956.5475568771] /home/hugens/antigen.zsh:1498
[WRN][1692363956.5475568771] Replace hook: -antigen-load-source-cached /home/hugens/.antigen/bundles/robbyrussell/oh-my-zsh/themes/bira.zsh-theme
[WRN][1692363956.5476331711] /home/hugens/antigen.zsh:1509
[WRN][1692363956.5476331711] Replaced hooked function.
[LOG][1692363956.5476856232] /home/hugens/antigen.zsh:1518
[LOG][1692363956.5476856232] Return from hook -antigen-load-source with 0
[LOG][1692363956.5477874279] /home/hugens/antigen.zsh:1518
[LOG][1692363956.5477874279] Return from hook antigen-bundle with 0
[WRN][1692363956.5478579998] /home/hugens/antigen.zsh:1739
[WRN][1692363956.5478579998] Parallel install done PARALLEL
[WRN][1692363956.5480718613] /home/hugens/antigen.zsh:1462
[WRN][1692363956.5480718613] Ignoring hook due to mode once: antigen-apply-lock
[WRN][1692363956.5481386185] /home/hugens/antigen.zsh:1462
[WRN][1692363956.5481386185] Ignoring hook due to mode once: antigen-apply-parallel
[WRN][1692363956.5481998920] /home/hugens/antigen.zsh:1462
[WRN][1692363956.5481998920] Ignoring hook due to mode once: antigen-apply-defer
[WRN][1692363956.5482599735] /home/hugens/antigen.zsh:1462
[WRN][1692363956.5482599735] Ignoring hook due to mode once: antigen-apply-cached
[WRN][1692363956.5483105183] /home/hugens/antigen.zsh:1484
[WRN][1692363956.5483105183] Processing hooks: antigen-apply-lock antigen-apply-parallel antigen-apply-defer antigen-apply-cached
[WRN][1692363956.5483672619] /home/hugens/antigen.zsh:1505
[WRN][1692363956.5483672619] -antigen-hook-antigen-apply 
[LOG][1692363956.5484225750] /home/hugens/antigen.zsh:1438
[LOG][1692363956.5484225750] Called antigen-apply
[TRA][1692363956.5484707355] /home/hugens/antigen.zsh:1439
[TRA][1692363956.5484707355] Gonna create compdump file @ apply COMPDUMP
[TRA][1692363956.5484707355] TRACE
-antigen-hook-antigen-apply
-antigen-hook-handler
antigen-apply
antigen-apply-parallel-execute
-antigen-hook-handler
antigen-apply
-antigen-hook-antigen
-antigen-hook-handler
antigen
/home/hugens/.zshrc
[LOG][1692363956.9965908527] /home/hugens/antigen.zsh:1518
[LOG][1692363956.9965908527] Return from hook antigen-apply with 0
[WRN][1692363956.9967024326] /home/hugens/antigen.zsh:1509
[WRN][1692363956.9967024326] Replaced hooked function.
[WRN][1692363956.9967417717] /home/hugens/antigen.zsh:1513
[WRN][1692363956.9967417717] Post hook: antigen-apply-lock
[WRN][1692363956.9967806339] /home/hugens/antigen.zsh:1676
[WRN][1692363956.9967806339] Freeing antigen-lock file at /home/hugens/.antigen/.lock
[WRN][1692363956.9975886345] /home/hugens/antigen.zsh:1513
[WRN][1692363956.9975886345] Post hook: antigen-apply-cached
[LOG][1692363956.9976837635] /home/hugens/antigen.zsh:1893
[LOG][1692363956.9976837635] TRACE: /home/hugens/antigen.zsh:1514 /home/hugens/antigen.zsh:1441 /home/hugens/antigen.zsh:1447 /home/hugens/antigen.zsh:1506 /home/hugens/antigen.zsh:1441 /home/hugens/.zshrc:14 zsh:0
[LOG][1692363956.9980006218] /home/hugens/antigen.zsh:1787
[LOG][1692363956.9980006218] Gonna generate cache for /home/hugens/.antigen/bundles/robbyrussell/oh-my-zsh/lib /home/hugens/.antigen/bundles/robbyrussell/oh-my-zsh/lib/bzr.zsh /home/hugens/.antigen/bundles/robbyrussell/oh-my-zsh/lib/clipboard.zsh /home/hugens/.antigen/bundles/robbyrussell/oh-my-zsh/lib/cli.zsh /home/hugens/.antigen/bundles/robbyrussell/oh-my-zsh/lib/compfix.zsh /home/hugens/.antigen/bundles/robbyrussell/oh-my-zsh/lib/completion.zsh /home/hugens/.antigen/bundles/robbyrussell/oh-my-zsh/lib/correction.zsh /home/hugens/.antigen/bundles/robbyrussell/oh-my-zsh/lib/diagnostics.zsh /home/hugens/.antigen/bundles/robbyrussell/oh-my-zsh/lib/directories.zsh /home/hugens/.antigen/bundles/robbyrussell/oh-my-zsh/lib/functions.zsh /home/hugens/.antigen/bundles/robbyrussell/oh-my-zsh/lib/git.zsh /home/hugens/.antigen/bundles/robbyrussell/oh-my-zsh/lib/grep.zsh /home/hugens/.antigen/bundles/robbyrussell/oh-my-zsh/lib/history.zsh /home/hugens/.antigen/bundles/robbyrussell/oh-my-zsh/lib/key-bindings.zsh /home/hugens/.antigen/bundles/robbyrussell/oh-my-zsh/lib/misc.zsh /home/hugens/.antigen/bundles/robbyrussell/oh-my-zsh/lib/nvm.zsh /home/hugens/.antigen/bundles/robbyrussell/oh-my-zsh/lib/prompt_info_functions.zsh /home/hugens/.antigen/bundles/robbyrussell/oh-my-zsh/lib/spectrum.zsh /home/hugens/.antigen/bundles/robbyrussell/oh-my-zsh/lib/termsupport.zsh /home/hugens/.antigen/bundles/robbyrussell/oh-my-zsh/lib/theme-and-appearance.zsh /home/hugens/.antigen/bundles/robbyrussell/oh-my-zsh/lib/vcs_info.zsh /home/hugens/.antigen/bundles/zsh-users/zsh-syntax-highlighting// /home/hugens/.antigen/bundles/zsh-users/zsh-syntax-highlighting///zsh-syntax-highlighting.plugin.zsh /home/hugens/.antigen/bundles/zsh-users/zsh-autosuggestions// /home/hugens/.antigen/bundles/zsh-users/zsh-autosuggestions///zsh-autosuggestions.plugin.zsh /home/hugens/.antigen/bundles/robbyrussell/oh-my-zsh/themes/bira.zsh-theme /home/hugens/.antigen/bundles/robbyrussell/oh-my-zsh/themes/bira.zsh-theme
[LOG][1692363957.0038628578] /home/hugens/antigen.zsh:1844
[LOG][1692363957.0038628578] CHECK_FILES /home/hugens/.zshrc /home/hugens/.zshrc
[LOG][1692363957.0292923450] /home/hugens/antigen.zsh:1518
[LOG][1692363957.0292923450] Return from hook antigen-apply with 0
[LOG][1692363957.0293817520] /home/hugens/antigen.zsh:1518
[LOG][1692363957.0293817520] Return from hook antigen with 0
